# JRE version: OpenJDK Runtime Environment (21.0.8) (build 21.0.8+-14196175-b1038.72)
# Java VM: OpenJDK 64-Bit Server VM (21.0.8+-14196175-b1038.72, mixed mode, tiered, compressed oops, compressed class ptrs, g1 gc, windows-amd64)
GC Precious Log:
 CardTable entry size: 512
 Card Set container configuration: InlinePtr #cards 4 size 8 Array Of Cards #cards 32 size 80 Howl #buckets 8 coarsen threshold 7372 Howl Bitmap #cards 1024 size 144 coarsen threshold 921 Card regions per heap region 1 cards per card region 8192
 CPUs: 16 total, 16 available
 Memory: 5996M
 Large Page Support: Disabled
 NUMA Support: Disabled
 Compressed Oops: Enabled (Zero based)
 Heap Region Size: 4M
 Heap Min Capacity: 8M
 Heap Initial Capacity: 96M
 Heap Max Capacity: 8G
 Pre-touch: Disabled
 Parallel Workers: 13
 Concurrent Workers: 3
 Concurrent Refinement Workers: 13
 Periodic GC: Disabled
Heap:
 garbage-first heap   total 757760K, used 279171K [0x0000000600000000, 0x0000000800000000)
  region size 4096K, 4 young (16384K), 4 survivors (16384K)
 Metaspace       used 214461K, committed 217152K, reserved 1245184K
  class space    used 28173K, committed 29504K, reserved 1048576K
GC Heap History (20 events):
Event: 434.129 GC heap after
{Heap after GC invocations=70 (full 0):
 garbage-first heap   total 630784K, used 220422K [0x0000000600000000, 0x0000000800000000)
  region size 4096K, 5 young (20480K), 5 survivors (20480K)
 Metaspace       used 213288K, committed 216000K, reserved 1245184K
  class space    used 28074K, committed 29376K, reserved 1048576K
}
Event: 434.690 GC heap before
{Heap before GC invocations=70 (full 0):
 garbage-first heap   total 630784K, used 564486K [0x0000000600000000, 0x0000000800000000)
  region size 4096K, 90 young (368640K), 5 survivors (20480K)
 Metaspace       used 213312K, committed 216000K, reserved 1245184K
  class space    used 28074K, committed 29376K, reserved 1048576K
}
Event: 434.719 GC heap after
{Heap after GC invocations=71 (full 0):
 garbage-first heap   total 630784K, used 232458K [0x0000000600000000, 0x0000000800000000)
  region size 4096K, 8 young (32768K), 8 survivors (32768K)
 Metaspace       used 213312K, committed 216000K, reserved 1245184K
  class space    used 28074K, committed 29376K, reserved 1048576K
}
Event: 434.720 GC heap before
{Heap before GC invocations=71 (full 0):
 garbage-first heap   total 630784K, used 236554K [0x0000000600000000, 0x0000000800000000)
  region size 4096K, 9 young (36864K), 8 survivors (32768K)
 Metaspace       used 213312K, committed 216000K, reserved 1245184K
  class space    used 28074K, committed 29376K, reserved 1048576K
}
Event: 434.782 GC heap after
{Heap after GC invocations=72 (full 0):
 garbage-first heap   total 630784K, used 234487K [0x0000000600000000, 0x0000000800000000)
  region size 4096K, 1 young (4096K), 1 survivors (4096K)
 Metaspace       used 213312K, committed 216000K, reserved 1245184K
  class space    used 28074K, committed 29376K, reserved 1048576K
}
Event: 456.603 GC heap before
{Heap before GC invocations=73 (full 0):
 garbage-first heap   total 630784K, used 582647K [0x0000000600000000, 0x0000000800000000)
  region size 4096K, 87 young (356352K), 1 survivors (4096K)
 Metaspace       used 213388K, committed 216064K, reserved 1245184K
  class space    used 28088K, committed 29376K, reserved 1048576K
}
Event: 456.908 GC heap after
{Heap after GC invocations=74 (full 0):
 garbage-first heap   total 630784K, used 264931K [0x0000000600000000, 0x0000000800000000)
  region size 4096K, 10 young (40960K), 10 survivors (40960K)
 Metaspace       used 213388K, committed 216064K, reserved 1245184K
  class space    used 28088K, committed 29376K, reserved 1048576K
}
Event: 463.489 GC heap before
{Heap before GC invocations=74 (full 0):
 garbage-first heap   total 630784K, used 346851K [0x0000000600000000, 0x0000000800000000)
  region size 4096K, 30 young (122880K), 10 survivors (40960K)
 Metaspace       used 214087K, committed 216832K, reserved 1245184K
  class space    used 28167K, committed 29504K, reserved 1048576K
}
Event: 463.564 GC heap after
{Heap after GC invocations=75 (full 0):
 garbage-first heap   total 757760K, used 275368K [0x0000000600000000, 0x0000000800000000)
  region size 4096K, 4 young (16384K), 4 survivors (16384K)
 Metaspace       used 214087K, committed 216832K, reserved 1245184K
  class space    used 28167K, committed 29504K, reserved 1048576K
}
Event: 465.052 GC heap before
{Heap before GC invocations=75 (full 0):
 garbage-first heap   total 757760K, used 652200K [0x0000000600000000, 0x0000000800000000)
  region size 4096K, 97 young (397312K), 4 survivors (16384K)
 Metaspace       used 214271K, committed 217024K, reserved 1245184K
  class space    used 28171K, committed 29504K, reserved 1048576K
}
Event: 465.109 GC heap after
{Heap after GC invocations=76 (full 0):
 garbage-first heap   total 757760K, used 276474K [0x0000000600000000, 0x0000000800000000)
  region size 4096K, 4 young (16384K), 4 survivors (16384K)
 Metaspace       used 214271K, committed 217024K, reserved 1245184K
  class space    used 28171K, committed 29504K, reserved 1048576K
}
Event: 465.149 GC heap before
{Heap before GC invocations=76 (full 0):
 garbage-first heap   total 757760K, used 301050K [0x0000000600000000, 0x0000000800000000)
  region size 4096K, 10 young (40960K), 4 survivors (16384K)
 Metaspace       used 214274K, committed 217024K, reserved 1245184K
  class space    used 28171K, committed 29504K, reserved 1048576K
}
Event: 465.233 GC heap after
{Heap after GC invocations=77 (full 0):
 garbage-first heap   total 757760K, used 275940K [0x0000000600000000, 0x0000000800000000)
  region size 4096K, 1 young (4096K), 1 survivors (4096K)
 Metaspace       used 214274K, committed 217024K, reserved 1245184K
  class space    used 28171K, committed 29504K, reserved 1048576K
}
Event: 466.507 GC heap before
{Heap before GC invocations=77 (full 0):
 garbage-first heap   total 757760K, used 706020K [0x0000000600000000, 0x0000000800000000)
  region size 4096K, 107 young (438272K), 1 survivors (4096K)
 Metaspace       used 214424K, committed 217152K, reserved 1245184K
  class space    used 28173K, committed 29504K, reserved 1048576K
}
Event: 466.647 GC heap after
{Heap after GC invocations=78 (full 0):
 garbage-first heap   total 757760K, used 278770K [0x0000000600000000, 0x0000000800000000)
  region size 4096K, 2 young (8192K), 2 survivors (8192K)
 Metaspace       used 214424K, committed 217152K, reserved 1245184K
  class space    used 28173K, committed 29504K, reserved 1048576K
}
Event: 467.809 GC heap before
{Heap before GC invocations=78 (full 0):
 garbage-first heap   total 757760K, used 573682K [0x0000000600000000, 0x0000000800000000)
  region size 4096K, 74 young (303104K), 2 survivors (8192K)
 Metaspace       used 214427K, committed 217152K, reserved 1245184K
  class space    used 28173K, committed 29504K, reserved 1048576K
}
Event: 467.830 GC heap after
{Heap after GC invocations=79 (full 0):
 garbage-first heap   total 757760K, used 282004K [0x0000000600000000, 0x0000000800000000)
  region size 4096K, 3 young (12288K), 3 survivors (12288K)
 Metaspace       used 214427K, committed 217152K, reserved 1245184K
  class space    used 28173K, committed 29504K, reserved 1048576K
}
Event: 468.448 GC heap before
{Heap before GC invocations=80 (full 0):
 garbage-first heap   total 757760K, used 646548K [0x0000000600000000, 0x0000000800000000)
  region size 4096K, 93 young (380928K), 3 survivors (12288K)
 Metaspace       used 214439K, committed 217152K, reserved 1245184K
  class space    used 28173K, committed 29504K, reserved 1048576K
}
Event: 468.466 GC heap after
{Heap after GC invocations=81 (full 0):
 garbage-first heap   total 757760K, used 286053K [0x0000000600000000, 0x0000000800000000)
  region size 4096K, 4 young (16384K), 4 survivors (16384K)
 Metaspace       used 214439K, committed 217152K, reserved 1245184K
  class space    used 28173K, committed 29504K, reserved 1048576K
}
Event: 469.060 GC heap before
{Heap before GC invocations=81 (full 0):
 garbage-first heap   total 757760K, used 695653K [0x0000000600000000, 0x0000000800000000)
  region size 4096K, 104 young (425984K), 4 survivors (16384K)
 Metaspace       used 214461K, committed 217152K, reserved 1245184K
  class space    used 28173K, committed 29504K, reserved 1048576K
}

