# JRE version: OpenJDK Runtime Environment (21.0.8) (build 21.0.8+-14196175-b1038.72)
# Java VM: OpenJDK 64-Bit Server VM (21.0.8+-14196175-b1038.72, mixed mode, tiered, compressed oops, compressed class ptrs, g1 gc, windows-amd64)
GC Precious Log:
 CardTable entry size: 512
 Card Set container configuration: InlinePtr #cards 5 size 8 Array Of Cards #cards 12 size 40 Howl #buckets 4 coarsen threshold 1843 Howl Bitmap #cards 512 size 80 coarsen threshold 460 Card regions per heap region 1 cards per card region 2048
 CPUs: 16 total, 16 available
 Memory: 5996M
 Large Page Support: Disabled
 NUMA Support: Disabled
 Compressed Oops: Enabled (32-bit)
 Heap Region Size: 1M
 Heap Min Capacity: 8M
 Heap Initial Capacity: 94M
 Heap Max Capacity: 1500M
 Pre-touch: Disabled
 Parallel Workers: 13
 Concurrent Workers: 3
 Concurrent Refinement Workers: 13
 Periodic GC: Disabled
Heap:
 garbage-first heap   total 101376K, used 60002K [0x00000000a2400000, 0x0000000100000000)
  region size 1024K, 5 young (5120K), 3 survivors (3072K)
 Metaspace       used 91582K, committed 91968K, reserved 1179648K
  class space    used 10074K, committed 10240K, reserved 1048576K
GC Heap History (20 events):
Event: 45.995 GC heap before
{Heap before GC invocations=17 (full 0):
 garbage-first heap   total 73728K, used 58518K [0x00000000a2400000, 0x0000000100000000)
  region size 1024K, 24 young (24576K), 3 survivors (3072K)
 Metaspace       used 62154K, committed 62464K, reserved 1114112K
  class space    used 7490K, committed 7616K, reserved 1048576K
}
Event: 46.012 GC heap after
{Heap after GC invocations=18 (full 0):
 garbage-first heap   total 73728K, used 41984K [0x00000000a2400000, 0x0000000100000000)
  region size 1024K, 3 young (3072K), 3 survivors (3072K)
 Metaspace       used 62154K, committed 62464K, reserved 1114112K
  class space    used 7490K, committed 7616K, reserved 1048576K
}
Event: 47.345 GC heap before
{Heap before GC invocations=19 (full 0):
 garbage-first heap   total 73728K, used 60416K [0x00000000a2400000, 0x0000000100000000)
  region size 1024K, 22 young (22528K), 3 survivors (3072K)
 Metaspace       used 63975K, committed 64320K, reserved 1114112K
  class space    used 7601K, committed 7744K, reserved 1048576K
}
Event: 47.367 GC heap after
{Heap after GC invocations=20 (full 0):
 garbage-first heap   total 73728K, used 43922K [0x00000000a2400000, 0x0000000100000000)
  region size 1024K, 3 young (3072K), 3 survivors (3072K)
 Metaspace       used 63975K, committed 64320K, reserved 1114112K
  class space    used 7601K, committed 7744K, reserved 1048576K
}
Event: 48.346 GC heap before
{Heap before GC invocations=20 (full 0):
 garbage-first heap   total 73728K, used 62354K [0x00000000a2400000, 0x0000000100000000)
  region size 1024K, 21 young (21504K), 3 survivors (3072K)
 Metaspace       used 65273K, committed 65600K, reserved 1114112K
  class space    used 7684K, committed 7872K, reserved 1048576K
}
Event: 48.367 GC heap after
{Heap after GC invocations=21 (full 0):
 garbage-first heap   total 73728K, used 46703K [0x00000000a2400000, 0x0000000100000000)
  region size 1024K, 3 young (3072K), 3 survivors (3072K)
 Metaspace       used 65273K, committed 65600K, reserved 1114112K
  class space    used 7684K, committed 7872K, reserved 1048576K
}
Event: 49.777 GC heap before
{Heap before GC invocations=21 (full 0):
 garbage-first heap   total 73728K, used 64111K [0x00000000a2400000, 0x0000000100000000)
  region size 1024K, 20 young (20480K), 3 survivors (3072K)
 Metaspace       used 65871K, committed 66176K, reserved 1114112K
  class space    used 7719K, committed 7872K, reserved 1048576K
}
Event: 49.809 GC heap after
{Heap after GC invocations=22 (full 0):
 garbage-first heap   total 73728K, used 49623K [0x00000000a2400000, 0x0000000100000000)
  region size 1024K, 3 young (3072K), 3 survivors (3072K)
 Metaspace       used 65871K, committed 66176K, reserved 1114112K
  class space    used 7719K, committed 7872K, reserved 1048576K
}
Event: 51.334 GC heap before
{Heap before GC invocations=23 (full 0):
 garbage-first heap   total 83968K, used 64983K [0x00000000a2400000, 0x0000000100000000)
  region size 1024K, 18 young (18432K), 3 survivors (3072K)
 Metaspace       used 69113K, committed 69440K, reserved 1114112K
  class space    used 8027K, committed 8192K, reserved 1048576K
}
Event: 51.348 GC heap after
{Heap after GC invocations=24 (full 0):
 garbage-first heap   total 83968K, used 51288K [0x00000000a2400000, 0x0000000100000000)
  region size 1024K, 2 young (2048K), 2 survivors (2048K)
 Metaspace       used 69113K, committed 69440K, reserved 1114112K
  class space    used 8027K, committed 8192K, reserved 1048576K
}
Event: 55.924 GC heap before
{Heap before GC invocations=24 (full 0):
 garbage-first heap   total 83968K, used 71768K [0x00000000a2400000, 0x0000000100000000)
  region size 1024K, 23 young (23552K), 2 survivors (2048K)
 Metaspace       used 72516K, committed 72832K, reserved 1114112K
  class space    used 8322K, committed 8448K, reserved 1048576K
}
Event: 55.958 GC heap after
{Heap after GC invocations=25 (full 0):
 garbage-first heap   total 83968K, used 52149K [0x00000000a2400000, 0x0000000100000000)
  region size 1024K, 3 young (3072K), 3 survivors (3072K)
 Metaspace       used 72516K, committed 72832K, reserved 1114112K
  class space    used 8322K, committed 8448K, reserved 1048576K
}
Event: 57.993 GC heap before
{Heap before GC invocations=25 (full 0):
 garbage-first heap   total 83968K, used 73653K [0x00000000a2400000, 0x0000000100000000)
  region size 1024K, 25 young (25600K), 3 survivors (3072K)
 Metaspace       used 77699K, committed 78016K, reserved 1179648K
  class space    used 8797K, committed 8960K, reserved 1048576K
}
Event: 58.014 GC heap after
{Heap after GC invocations=26 (full 0):
 garbage-first heap   total 83968K, used 54353K [0x00000000a2400000, 0x0000000100000000)
  region size 1024K, 4 young (4096K), 4 survivors (4096K)
 Metaspace       used 77699K, committed 78016K, reserved 1179648K
  class space    used 8797K, committed 8960K, reserved 1048576K
}
Event: 61.155 GC heap before
{Heap before GC invocations=27 (full 0):
 garbage-first heap   total 92160K, used 72785K [0x00000000a2400000, 0x0000000100000000)
  region size 1024K, 23 young (23552K), 4 survivors (4096K)
 Metaspace       used 81566K, committed 81856K, reserved 1179648K
  class space    used 9184K, committed 9344K, reserved 1048576K
}
Event: 61.182 GC heap after
{Heap after GC invocations=28 (full 0):
 garbage-first heap   total 92160K, used 55975K [0x00000000a2400000, 0x0000000100000000)
  region size 1024K, 2 young (2048K), 2 survivors (2048K)
 Metaspace       used 81566K, committed 81856K, reserved 1179648K
  class space    used 9184K, committed 9344K, reserved 1048576K
}
Event: 65.135 GC heap before
{Heap before GC invocations=28 (full 0):
 garbage-first heap   total 92160K, used 80551K [0x00000000a2400000, 0x0000000100000000)
  region size 1024K, 27 young (27648K), 2 survivors (2048K)
 Metaspace       used 87673K, committed 88064K, reserved 1179648K
  class space    used 9729K, committed 9920K, reserved 1048576K
}
Event: 65.164 GC heap after
{Heap after GC invocations=29 (full 0):
 garbage-first heap   total 92160K, used 56930K [0x00000000a2400000, 0x0000000100000000)
  region size 1024K, 3 young (3072K), 3 survivors (3072K)
 Metaspace       used 87673K, committed 88064K, reserved 1179648K
  class space    used 9729K, committed 9920K, reserved 1048576K
}
Event: 67.497 GC heap before
{Heap before GC invocations=29 (full 0):
 garbage-first heap   total 92160K, used 70242K [0x00000000a2400000, 0x0000000100000000)
  region size 1024K, 18 young (18432K), 3 survivors (3072K)
 Metaspace       used 91436K, committed 91840K, reserved 1179648K
  class space    used 10062K, committed 10240K, reserved 1048576K
}
Event: 67.678 GC heap after
{Heap after GC invocations=30 (full 0):
 garbage-first heap   total 92160K, used 57954K [0x00000000a2400000, 0x0000000100000000)
  region size 1024K, 3 young (3072K), 3 survivors (3072K)
 Metaspace       used 91436K, committed 91840K, reserved 1179648K
  class space    used 10062K, committed 10240K, reserved 1048576K
}

