# JRE version: OpenJDK Runtime Environment (21.0.8) (build 21.0.8+-14196175-b1038.72)
# Java VM: OpenJDK 64-Bit Server VM (21.0.8+-14196175-b1038.72, mixed mode, tiered, compressed oops, compressed class ptrs, g1 gc, windows-amd64)
GC Precious Log:
 CardTable entry size: 512
 Card Set container configuration: InlinePtr #cards 5 size 8 Array Of Cards #cards 12 size 40 Howl #buckets 4 coarsen threshold 1843 Howl Bitmap #cards 512 size 80 coarsen threshold 460 Card regions per heap region 1 cards per card region 2048
 CPUs: 16 total, 16 available
 Memory: 5996M
 Large Page Support: Disabled
 NUMA Support: Disabled
 Compressed Oops: Enabled (32-bit)
 Heap Region Size: 1M
 Heap Min Capacity: 8M
 Heap Initial Capacity: 94M
 Heap Max Capacity: 1500M
 Pre-touch: Disabled
 Parallel Workers: 13
 Concurrent Workers: 3
 Concurrent Refinement Workers: 13
 Periodic GC: Disabled
Heap:
 garbage-first heap   total 75776K, used 48577K [0x00000000a2400000, 0x0000000100000000)
  region size 1024K, 3 young (3072K), 2 survivors (2048K)
 Metaspace       used 67730K, committed 67968K, reserved 1114112K
  class space    used 7584K, committed 7680K, reserved 1048576K
GC Heap History (20 events):
Event: 10.524 GC heap before
{Heap before GC invocations=11 (full 0):
 garbage-first heap   total 47104K, used 38737K [0x00000000a2400000, 0x0000000100000000)
  region size 1024K, 17 young (17408K), 3 survivors (3072K)
 Metaspace       used 48573K, committed 48768K, reserved 1114112K
  class space    used 5730K, committed 5824K, reserved 1048576K
}
Event: 10.543 GC heap after
{Heap after GC invocations=12 (full 0):
 garbage-first heap   total 49152K, used 31069K [0x00000000a2400000, 0x0000000100000000)
  region size 1024K, 3 young (3072K), 3 survivors (3072K)
 Metaspace       used 48573K, committed 48768K, reserved 1114112K
  class space    used 5730K, committed 5824K, reserved 1048576K
}
Event: 10.993 GC heap before
{Heap before GC invocations=13 (full 0):
 garbage-first heap   total 53248K, used 41309K [0x00000000a2400000, 0x0000000100000000)
  region size 1024K, 13 young (13312K), 3 survivors (3072K)
 Metaspace       used 49156K, committed 49344K, reserved 1114112K
  class space    used 5783K, committed 5888K, reserved 1048576K
}
Event: 11.009 GC heap after
{Heap after GC invocations=14 (full 0):
 garbage-first heap   total 53248K, used 34219K [0x00000000a2400000, 0x0000000100000000)
  region size 1024K, 2 young (2048K), 2 survivors (2048K)
 Metaspace       used 49156K, committed 49344K, reserved 1114112K
  class space    used 5783K, committed 5888K, reserved 1048576K
}
Event: 11.757 GC heap before
{Heap before GC invocations=14 (full 0):
 garbage-first heap   total 53248K, used 44459K [0x00000000a2400000, 0x0000000100000000)
  region size 1024K, 12 young (12288K), 2 survivors (2048K)
 Metaspace       used 50540K, committed 50816K, reserved 1114112K
  class space    used 5955K, committed 6080K, reserved 1048576K
}
Event: 11.763 GC heap after
{Heap after GC invocations=15 (full 0):
 garbage-first heap   total 64512K, used 36228K [0x00000000a2400000, 0x0000000100000000)
  region size 1024K, 2 young (2048K), 2 survivors (2048K)
 Metaspace       used 50540K, committed 50816K, reserved 1114112K
  class space    used 5955K, committed 6080K, reserved 1048576K
}
Event: 13.357 GC heap before
{Heap before GC invocations=15 (full 0):
 garbage-first heap   total 64512K, used 51588K [0x00000000a2400000, 0x0000000100000000)
  region size 1024K, 18 young (18432K), 2 survivors (2048K)
 Metaspace       used 54012K, committed 54336K, reserved 1114112K
  class space    used 6378K, committed 6528K, reserved 1048576K
}
Event: 13.436 GC heap after
{Heap after GC invocations=16 (full 0):
 garbage-first heap   total 64512K, used 38096K [0x00000000a2400000, 0x0000000100000000)
  region size 1024K, 2 young (2048K), 2 survivors (2048K)
 Metaspace       used 54012K, committed 54336K, reserved 1114112K
  class space    used 6378K, committed 6528K, reserved 1048576K
}
Event: 14.371 GC heap before
{Heap before GC invocations=17 (full 0):
 garbage-first heap   total 65536K, used 53456K [0x00000000a2400000, 0x0000000100000000)
  region size 1024K, 18 young (18432K), 2 survivors (2048K)
 Metaspace       used 54371K, committed 54656K, reserved 1114112K
  class space    used 6408K, committed 6528K, reserved 1048576K
}
Event: 14.382 GC heap after
{Heap after GC invocations=18 (full 0):
 garbage-first heap   total 65536K, used 42187K [0x00000000a2400000, 0x0000000100000000)
  region size 1024K, 3 young (3072K), 3 survivors (3072K)
 Metaspace       used 54371K, committed 54656K, reserved 1114112K
  class space    used 6408K, committed 6528K, reserved 1048576K
}
Event: 15.478 GC heap before
{Heap before GC invocations=18 (full 0):
 garbage-first heap   total 65536K, used 55499K [0x00000000a2400000, 0x0000000100000000)
  region size 1024K, 16 young (16384K), 3 survivors (3072K)
 Metaspace       used 55520K, committed 55808K, reserved 1114112K
  class space    used 6510K, committed 6656K, reserved 1048576K
}
Event: 15.487 GC heap after
{Heap after GC invocations=19 (full 0):
 garbage-first heap   total 65536K, used 44301K [0x00000000a2400000, 0x0000000100000000)
  region size 1024K, 2 young (2048K), 2 survivors (2048K)
 Metaspace       used 55520K, committed 55808K, reserved 1114112K
  class space    used 6510K, committed 6656K, reserved 1048576K
}
Event: 16.421 GC heap before
{Heap before GC invocations=19 (full 0):
 garbage-first heap   total 65536K, used 56589K [0x00000000a2400000, 0x0000000100000000)
  region size 1024K, 14 young (14336K), 2 survivors (2048K)
 Metaspace       used 56596K, committed 56832K, reserved 1114112K
  class space    used 6564K, committed 6656K, reserved 1048576K
}
Event: 16.469 GC heap after
{Heap after GC invocations=20 (full 0):
 garbage-first heap   total 65536K, used 45401K [0x00000000a2400000, 0x0000000100000000)
  region size 1024K, 1 young (1024K), 1 survivors (1024K)
 Metaspace       used 56596K, committed 56832K, reserved 1114112K
  class space    used 6564K, committed 6656K, reserved 1048576K
}
Event: 18.009 GC heap before
{Heap before GC invocations=21 (full 0):
 garbage-first heap   total 75776K, used 56665K [0x00000000a2400000, 0x0000000100000000)
  region size 1024K, 13 young (13312K), 1 survivors (1024K)
 Metaspace       used 58949K, committed 59264K, reserved 1114112K
  class space    used 6781K, committed 6912K, reserved 1048576K
}
Event: 18.028 GC heap after
{Heap after GC invocations=22 (full 0):
 garbage-first heap   total 75776K, used 45259K [0x00000000a2400000, 0x0000000100000000)
  region size 1024K, 2 young (2048K), 2 survivors (2048K)
 Metaspace       used 58949K, committed 59264K, reserved 1114112K
  class space    used 6781K, committed 6912K, reserved 1048576K
}
Event: 20.109 GC heap before
{Heap before GC invocations=22 (full 0):
 garbage-first heap   total 75776K, used 64715K [0x00000000a2400000, 0x0000000100000000)
  region size 1024K, 22 young (22528K), 2 survivors (2048K)
 Metaspace       used 62608K, committed 62912K, reserved 1114112K
  class space    used 7099K, committed 7232K, reserved 1048576K
}
Event: 20.127 GC heap after
{Heap after GC invocations=23 (full 0):
 garbage-first heap   total 75776K, used 46822K [0x00000000a2400000, 0x0000000100000000)
  region size 1024K, 3 young (3072K), 3 survivors (3072K)
 Metaspace       used 62608K, committed 62912K, reserved 1114112K
  class space    used 7099K, committed 7232K, reserved 1048576K
}
Event: 26.639 GC heap before
{Heap before GC invocations=23 (full 0):
 garbage-first heap   total 75776K, used 67302K [0x00000000a2400000, 0x0000000100000000)
  region size 1024K, 23 young (23552K), 3 survivors (3072K)
 Metaspace       used 67659K, committed 67904K, reserved 1114112K
  class space    used 7581K, committed 7680K, reserved 1048576K
}
Event: 26.786 GC heap after
{Heap after GC invocations=24 (full 0):
 garbage-first heap   total 75776K, used 48577K [0x00000000a2400000, 0x0000000100000000)
  region size 1024K, 2 young (2048K), 2 survivors (2048K)
 Metaspace       used 67659K, committed 67904K, reserved 1114112K
  class space    used 7581K, committed 7680K, reserved 1048576K
}

