# JRE version: OpenJDK Runtime Environment (21.0.8) (build 21.0.8+-14196175-b1038.72)
# Java VM: OpenJDK 64-Bit Server VM (21.0.8+-14196175-b1038.72, mixed mode, tiered, compressed oops, compressed class ptrs, g1 gc, windows-amd64)
GC Precious Log:
 CardTable entry size: 512
 Card Set container configuration: InlinePtr #cards 5 size 8 Array Of Cards #cards 12 size 40 Howl #buckets 4 coarsen threshold 1843 Howl Bitmap #cards 512 size 80 coarsen threshold 460 Card regions per heap region 1 cards per card region 2048
 CPUs: 16 total, 16 available
 Memory: 5996M
 Large Page Support: Disabled
 NUMA Support: Disabled
 Compressed Oops: Enabled (32-bit)
 Heap Region Size: 1M
 Heap Min Capacity: 8M
 Heap Initial Capacity: 94M
 Heap Max Capacity: 1500M
 Pre-touch: Disabled
 Parallel Workers: 13
 Concurrent Workers: 3
 Concurrent Refinement Workers: 13
 Periodic GC: Disabled
Heap:
 garbage-first heap   total 178176K, used 121327K [0x00000000a2400000, 0x0000000100000000)
  region size 1024K, 46 young (47104K), 10 survivors (10240K)
 Metaspace       used 68065K, committed 68864K, reserved 1114112K
  class space    used 7786K, committed 8192K, reserved 1048576K
GC Heap History (20 events):
Event: 1.802 GC heap before
{Heap before GC invocations=6 (full 0):
 garbage-first heap   total 36864K, used 30301K [0x00000000a2400000, 0x0000000100000000)
  region size 1024K, 11 young (11264K), 2 survivors (2048K)
 Metaspace       used 29479K, committed 29888K, reserved 1114112K
  class space    used 3536K, committed 3712K, reserved 1048576K
}
Event: 1.828 GC heap after
{Heap after GC invocations=7 (full 0):
 garbage-first heap   total 39936K, used 28084K [0x00000000a2400000, 0x0000000100000000)
  region size 1024K, 2 young (2048K), 2 survivors (2048K)
 Metaspace       used 29479K, committed 29888K, reserved 1114112K
  class space    used 3536K, committed 3712K, reserved 1048576K
}
Event: 1.885 GC heap before
{Heap before GC invocations=8 (full 0):
 garbage-first heap   total 50176K, used 32180K [0x00000000a2400000, 0x0000000100000000)
  region size 1024K, 6 young (6144K), 2 survivors (2048K)
 Metaspace       used 29483K, committed 29888K, reserved 1114112K
  class space    used 3537K, committed 3712K, reserved 1048576K
}
Event: 1.896 GC heap after
{Heap after GC invocations=9 (full 0):
 garbage-first heap   total 93184K, used 30549K [0x00000000a2400000, 0x0000000100000000)
  region size 1024K, 1 young (1024K), 1 survivors (1024K)
 Metaspace       used 29483K, committed 29888K, reserved 1114112K
  class space    used 3537K, committed 3712K, reserved 1048576K
}
Event: 2.312 GC heap before
{Heap before GC invocations=9 (full 0):
 garbage-first heap   total 93184K, used 65365K [0x00000000a2400000, 0x0000000100000000)
  region size 1024K, 32 young (32768K), 1 survivors (1024K)
 Metaspace       used 31171K, committed 31424K, reserved 1114112K
  class space    used 3898K, committed 4032K, reserved 1048576K
}
Event: 2.327 GC heap after
{Heap after GC invocations=10 (full 0):
 garbage-first heap   total 93184K, used 29696K [0x00000000a2400000, 0x0000000100000000)
  region size 1024K, 4 young (4096K), 4 survivors (4096K)
 Metaspace       used 31171K, committed 31424K, reserved 1114112K
  class space    used 3898K, committed 4032K, reserved 1048576K
}
Event: 3.004 GC heap before
{Heap before GC invocations=10 (full 0):
 garbage-first heap   total 93184K, used 72704K [0x00000000a2400000, 0x0000000100000000)
  region size 1024K, 35 young (35840K), 4 survivors (4096K)
 Metaspace       used 38185K, committed 38464K, reserved 1114112K
  class space    used 4692K, committed 4800K, reserved 1048576K
}
Event: 3.019 GC heap after
{Heap after GC invocations=11 (full 0):
 garbage-first heap   total 93184K, used 46437K [0x00000000a2400000, 0x0000000100000000)
  region size 1024K, 5 young (5120K), 5 survivors (5120K)
 Metaspace       used 38185K, committed 38464K, reserved 1114112K
  class space    used 4692K, committed 4800K, reserved 1048576K
}
Event: 3.344 GC heap before
{Heap before GC invocations=11 (full 0):
 garbage-first heap   total 93184K, used 72037K [0x00000000a2400000, 0x0000000100000000)
  region size 1024K, 30 young (30720K), 5 survivors (5120K)
 Metaspace       used 43080K, committed 43648K, reserved 1114112K
  class space    used 5190K, committed 5440K, reserved 1048576K
}
Event: 3.352 GC heap after
{Heap after GC invocations=12 (full 0):
 garbage-first heap   total 93184K, used 48966K [0x00000000a2400000, 0x0000000100000000)
  region size 1024K, 3 young (3072K), 3 survivors (3072K)
 Metaspace       used 43080K, committed 43648K, reserved 1114112K
  class space    used 5190K, committed 5440K, reserved 1048576K
}
Event: 4.070 GC heap before
{Heap before GC invocations=13 (full 0):
 garbage-first heap   total 93184K, used 73542K [0x00000000a2400000, 0x0000000100000000)
  region size 1024K, 28 young (28672K), 3 survivors (3072K)
 Metaspace       used 47831K, committed 48576K, reserved 1114112K
  class space    used 5804K, committed 6144K, reserved 1048576K
}
Event: 4.077 GC heap after
{Heap after GC invocations=14 (full 0):
 garbage-first heap   total 178176K, used 50795K [0x00000000a2400000, 0x0000000100000000)
  region size 1024K, 3 young (3072K), 3 survivors (3072K)
 Metaspace       used 47831K, committed 48576K, reserved 1114112K
  class space    used 5804K, committed 6144K, reserved 1048576K
}
Event: 6.331 GC heap before
{Heap before GC invocations=14 (full 0):
 garbage-first heap   total 178176K, used 135787K [0x00000000a2400000, 0x0000000100000000)
  region size 1024K, 86 young (88064K), 3 survivors (3072K)
 Metaspace       used 58682K, committed 59456K, reserved 1114112K
  class space    used 7077K, committed 7424K, reserved 1048576K
}
Event: 6.343 GC heap after
{Heap after GC invocations=15 (full 0):
 garbage-first heap   total 178176K, used 58174K [0x00000000a2400000, 0x0000000100000000)
  region size 1024K, 11 young (11264K), 11 survivors (11264K)
 Metaspace       used 58682K, committed 59456K, reserved 1114112K
  class space    used 7077K, committed 7424K, reserved 1048576K
}
Event: 8.253 GC heap before
{Heap before GC invocations=15 (full 0):
 garbage-first heap   total 178176K, used 144190K [0x00000000a2400000, 0x0000000100000000)
  region size 1024K, 95 young (97280K), 11 survivors (11264K)
 Metaspace       used 66239K, committed 67008K, reserved 1114112K
  class space    used 7674K, committed 8064K, reserved 1048576K
}
Event: 8.278 GC heap after
{Heap after GC invocations=16 (full 0):
 garbage-first heap   total 178176K, used 69886K [0x00000000a2400000, 0x0000000100000000)
  region size 1024K, 11 young (11264K), 11 survivors (11264K)
 Metaspace       used 66239K, committed 67008K, reserved 1114112K
  class space    used 7674K, committed 8064K, reserved 1048576K
}
Event: 8.788 GC heap before
{Heap before GC invocations=16 (full 0):
 garbage-first heap   total 178176K, used 105726K [0x00000000a2400000, 0x0000000100000000)
  region size 1024K, 46 young (47104K), 11 survivors (11264K)
 Metaspace       used 66802K, committed 67584K, reserved 1114112K
  class space    used 7695K, committed 8064K, reserved 1048576K
}
Event: 8.801 GC heap after
{Heap after GC invocations=17 (full 0):
 garbage-first heap   total 178176K, used 75769K [0x00000000a2400000, 0x0000000100000000)
  region size 1024K, 6 young (6144K), 6 survivors (6144K)
 Metaspace       used 66802K, committed 67584K, reserved 1114112K
  class space    used 7695K, committed 8064K, reserved 1048576K
}
Event: 10.735 GC heap before
{Heap before GC invocations=18 (full 0):
 garbage-first heap   total 178176K, used 151545K [0x00000000a2400000, 0x0000000100000000)
  region size 1024K, 78 young (79872K), 6 survivors (6144K)
 Metaspace       used 67583K, committed 68352K, reserved 1114112K
  class space    used 7743K, committed 8128K, reserved 1048576K
}
Event: 10.750 GC heap after
{Heap after GC invocations=19 (full 0):
 garbage-first heap   total 178176K, used 85487K [0x00000000a2400000, 0x0000000100000000)
  region size 1024K, 10 young (10240K), 10 survivors (10240K)
 Metaspace       used 67583K, committed 68352K, reserved 1114112K
  class space    used 7743K, committed 8128K, reserved 1048576K
}

